<?xml version="1.0" encoding="UTF-8"?>
<!-- Generated by org.testng.reporters.JUnitXMLReporter -->
<testsuite ignored="0" hostname="UtpalLade" failures="0" tests="10" name="Test" time="266.056" errors="0" timestamp="2024-06-08T19:56:38 IST">
  <testcase classname="com.safe.qa.tastcases.LoginPagetest" name="verifyPageTitle" time="0.056"/>
  <testcase classname="com.safe.qa.tastcases.LoginPagetest" name="safeLogoImageTest" time="6.41"/>
  <testcase classname="com.safe.qa.tastcases.LoginPagetest" name="loginTest" time="0.445"/>
  <testcase classname="com.safe.qa.tastcases.HomePageTest" name="verifyHomePageTitle" time="0.029"/>
  <testcase classname="com.safe.qa.tastcases.HomePageTest" name="validateWelcomeMessageTest" time="24.696"/>
  <testcase classname="com.safe.qa.tastcases.HomePageTest" name="validateHeadderTextTest" time="27.588"/>
  <testcase classname="com.safe.qa.tastcases.HomePageTest" name="verifyPeopleButton" time="28.97"/>
  <testcase classname="com.safe.qa.tastcases.HomePageTest" name="verifyMyprofilelink" time="27.171"/>
  <testcase classname="com.safe.qa.tastcases.PeoplePageTest" name="validatePeopleNavigationTest" time="0.036"/>
  <testcase classname="com.safe.qa.tastcases.PeoplePageTest" name="validateSearchFieldTest" time="2.807"/>
</testsuite> <!-- Test -->
